E:\visual studio\Common7\IDE\VC\VCTargets\Microsoft.CppBuild.targets(387,5): warning MSB8028: The intermediate directory (Debug\) contains files shared from another project (Lesson02.vcxproj, Lesson03.vcxproj, Lesson04.vcxproj).  This can lead to incorrect clean and rebuild behavior.
  Demo.cpp
d:\kliah\semester 6\grafkom\materi dan kodingan\kamar kost\vs\lesson05\demo.cpp(129): warning C4244: '+=': conversion from 'double' to 'float', possible loss of data
d:\kliah\semester 6\grafkom\materi dan kodingan\kamar kost\vs\lesson05\demo.cpp(139): warning C4244: '-=': conversion from 'double' to 'float', possible loss of data
d:\kliah\semester 6\grafkom\materi dan kodingan\kamar kost\vs\lesson05\demo.cpp(151): warning C4244: '-=': conversion from 'double' to 'float', possible loss of data
d:\kliah\semester 6\grafkom\materi dan kodingan\kamar kost\vs\lesson05\demo.cpp(162): warning C4244: '+=': conversion from 'double' to 'float', possible loss of data
d:\kliah\semester 6\grafkom\materi dan kodingan\kamar kost\vs\lesson05\demo.cpp(281): warning C4838: conversion from 'double' to 'float' requires a narrowing conversion
d:\kliah\semester 6\grafkom\materi dan kodingan\kamar kost\vs\lesson05\demo.cpp(281): warning C4305: 'initializing': truncation from 'double' to 'float'
d:\kliah\semester 6\grafkom\materi dan kodingan\kamar kost\vs\lesson05\demo.cpp(488): warning C4838: conversion from 'double' to 'float' requires a narrowing conversion
d:\kliah\semester 6\grafkom\materi dan kodingan\kamar kost\vs\lesson05\demo.cpp(488): warning C4305: 'initializing': truncation from 'double' to 'float'
d:\kliah\semester 6\grafkom\materi dan kodingan\kamar kost\vs\lesson05\demo.cpp(604): warning C4838: conversion from 'double' to 'float' requires a narrowing conversion
d:\kliah\semester 6\grafkom\materi dan kodingan\kamar kost\vs\lesson05\demo.cpp(604): warning C4305: 'initializing': truncation from 'double' to 'float'
d:\kliah\semester 6\grafkom\materi dan kodingan\kamar kost\vs\lesson05\demo.cpp(758): warning C4838: conversion from 'double' to 'float' requires a narrowing conversion
d:\kliah\semester 6\grafkom\materi dan kodingan\kamar kost\vs\lesson05\demo.cpp(758): warning C4305: 'initializing': truncation from 'double' to 'float'
d:\kliah\semester 6\grafkom\materi dan kodingan\kamar kost\vs\lesson05\demo.cpp(878): warning C4838: conversion from 'double' to 'float' requires a narrowing conversion
d:\kliah\semester 6\grafkom\materi dan kodingan\kamar kost\vs\lesson05\demo.cpp(878): warning C4305: 'initializing': truncation from 'double' to 'float'
d:\kliah\semester 6\grafkom\materi dan kodingan\kamar kost\vs\lesson05\demo.cpp(965): warning C4838: conversion from 'double' to 'float' requires a narrowing conversion
d:\kliah\semester 6\grafkom\materi dan kodingan\kamar kost\vs\lesson05\demo.cpp(965): warning C4305: 'initializing': truncation from 'double' to 'float'
d:\kliah\semester 6\grafkom\materi dan kodingan\kamar kost\vs\lesson05\demo.cpp(1056): warning C4838: conversion from 'double' to 'float' requires a narrowing conversion
d:\kliah\semester 6\grafkom\materi dan kodingan\kamar kost\vs\lesson05\demo.cpp(1056): warning C4305: 'initializing': truncation from 'double' to 'float'
d:\kliah\semester 6\grafkom\materi dan kodingan\kamar kost\vs\lesson05\demo.cpp(1321): warning C4838: conversion from 'double' to 'float' requires a narrowing conversion
d:\kliah\semester 6\grafkom\materi dan kodingan\kamar kost\vs\lesson05\demo.cpp(1321): warning C4305: 'initializing': truncation from 'double' to 'float'
LINK : warning LNK4098: defaultlib 'MSVCRT' conflicts with use of other libs; use /NODEFAULTLIB:library
SOIL.lib(image_DXT.obj) : warning LNK4099: PDB 'vc110.pdb' was not found with 'SOIL.lib(image_DXT.obj)' or at 'D:\kliah\semester 6\grafkom\materi dan kodingan\kamar kost\vs\Debug\vc110.pdb'; linking object as if no debug info
SOIL.lib(image_helper.obj) : warning LNK4099: PDB 'vc110.pdb' was not found with 'SOIL.lib(image_helper.obj)' or at 'D:\kliah\semester 6\grafkom\materi dan kodingan\kamar kost\vs\Debug\vc110.pdb'; linking object as if no debug info
SOIL.lib(SOIL.obj) : warning LNK4099: PDB 'vc110.pdb' was not found with 'SOIL.lib(SOIL.obj)' or at 'D:\kliah\semester 6\grafkom\materi dan kodingan\kamar kost\vs\Debug\vc110.pdb'; linking object as if no debug info
SOIL.lib(stb_image_aug.obj) : warning LNK4099: PDB 'vc110.pdb' was not found with 'SOIL.lib(stb_image_aug.obj)' or at 'D:\kliah\semester 6\grafkom\materi dan kodingan\kamar kost\vs\Debug\vc110.pdb'; linking object as if no debug info
  Lesson05.vcxproj -> D:\kliah\semester 6\grafkom\materi dan kodingan\kamar kost\vs\Debug\Lesson05.exe
